C:\EUPHORIA\include\w32dll.ew:212 in function w32Func() 
A machine-level exception occurred during execution of this statement 
    funcid = 293
    parms = {}
    lRC = <no value>
    libfunc = <no value>
    lFuncDef = 333
    linked = <no value>
    memset = 0
    i = 1

... called from C:\Users\Gaz\Desktop\dell desktop everything\ROTMG 2015\rotmg equipment\tinyxml.ew:30 in function tinyxml_document()  

... called from C:\Users\Gaz\Desktop\dell desktop everything\ROTMG 2015\rotmg equipment\rotmg equipment.exw:18 


Global & Local Variables

 C:\EUPHORIA\include\Win32Lib.ew:
    VOID = 0
    r_activateTabItems = 68'D'
    r_addItem = 43'+'
    r_addStyle = 5
    r_addToBand = 36'$'
    r_AppCallback = -1
    r_attachPopup = 121'y'
    r_autoclose = 22
    r_closeWindow = 21
    r_colorValue = 4
    r_createBrush = 55'7'
    r_createEx = 23
    r_createForm = 24
    r_createPen = 56'8'
    r_defineUserProperty = 17
    r_deleteUserProperty = 20
    r_destroy = 26
    r_doEvents = 117'u'
    r_drawRectangle = 59';'
    r_defaultProcessing = 114'r'
    r_eventLoop = 116't'
    r_findChildren = 14
    r_findParent = 13
    r_getCaption = 33'!'
    r_getClientRect = 30
    r_getCount = 44','
    r_getCtlSize = 29
    r_getData = 34'"'
    r_getDC = 6
    r_getEdit = 45'-'
    r_getFormIds = 25
    r_getHandle = 3
    r_getIdFromDC = 8
    r_getIndex = 46'.'
    r_getItem = 48'0'
    r_getKeyMasks = 73'I'
    r_getKeyState = 72'H'
    r_getLVItemText = 16
    r_getMainWindow = 1
    r_getPixel = 58':'
    r_getPointerRelPos = 70'F'
    r_getRect = 28
    r_getScrollPos = 53'5'
    r_getText = 35'#'
    r_getTextWidth = 12
    r_getUserProperty = 19
    r_isChecked = 42'*'
    r_isVisible = 39'''
    r_libCleanUp = 120'x'
    r_loadBitmapFromFile = 60'<'
    r_lvSortitems = 75'K'
    r_moveZOrder = 66'B'
    r_openDialog = 118'v'
    r_openWindow = 115's'
    r_registerNotification = 123'{'
    r_releaseDC = 7
    r_setBackColor = 54'6'
    r_setBitmap = 62'>'
    r_setBuddy = 37'%'
    r_setControlSet = 71'G'
    r_setCheck = 41')'
    r_setClientRect = 65'A'
    r_setCtlSize = 64'@'
    r_setEnable = 40'('
    r_setFocus = 69'E'
    r_setFont = 9
    r_setHintEx = 119'w'
    r_setIcon = 61'='
    r_setIndex = 47'/'
    r_setLVItem = 15
    r_setLVStyle = 74'J'
    r_setMousePointer = 67'C'
    r_setPenColor = 57'9'
    r_setPenPos = 27
    r_setRect = 63'?'
    r_setScrollChange = 49'1'
    r_setScrollPos = 52'4'
    r_setScrollRange = 51'3'
    r_setSubFields = 31
    r_setText = 32' '
    r_setUserProperty = 18
    r_setVisible = 38'&'
    r_setWindowScrollRange = 50'2'
    r_validId = 2
    r_wDebug = 122'z'

 C:\EUPHORIA\include\machine.e:
    mem = 1541464
    check_calls = 1

 C:\EUPHORIA\include\misc.e:
    pretty_end_col = <no value>
    pretty_chars = <no value>
    pretty_start_col = <no value>
    pretty_level = <no value>
    pretty_file = <no value>
    pretty_ascii = <no value>
    pretty_indent = <no value>
    pretty_ascii_min = <no value>
    pretty_ascii_max = <no value>
    pretty_line_count = <no value>
    pretty_line_max = <no value>
    pretty_dots = <no value>
    pretty_fp_format = <no value>
    pretty_int_format = <no value>
    pretty_line = <no value>

 C:\EUPHORIA\include\msgbox.e:
    lib = 1968832512
    msgbox_id = 0
    get_active_id = 1

 C:\EUPHORIA\include\file.e:
    SLASH = 92'\'
    my_dir = -2

 C:\EUPHORIA\include\get.e:
    input_file = <no value>
    input_string = <no value>
    string_next = <no value>
    ch = <no value>

 C:\EUPHORIA\include\graphics.e:
    BLUE = 1
    CYAN = 3
    RED = 4
    BROWN = 6
    BRIGHT_BLUE = 9
    BRIGHT_CYAN = 11
    BRIGHT_RED = 12
    YELLOW = 14

 C:\EUPHORIA\include\image.e:
    fn = <no value>
    error_code = <no value>
    numXPixels = <no value>
    numYPixels = <no value>
    bitCount = <no value>
    numRowBytes = <no value>
    startXPixel = <no value>
    startYPixel = <no value>
    endYPixel = <no value>

 C:\EUPHORIA\include\w32msgs.e:
    showWarnings = 1
    xUserCleanUp = {120'x'}
    vMsgsToIgnore = {}
    vAppName = {87'W',105'i',110'n',51'3',50'2',76'L',105'i',98'b',32' ',
65'A',112'p',112'p',87'W',105'i',110'n',100'd',111'o',119'w'}
    vVersion = {87'W',105'i',110'n',51'3',50'2',76'L',105'i',98'b',32' ',
118'v',48'0',46'.',54'6',48'0',46'.',54'6',32' ',49'1',57'9',45'-',83'S',
101'e',112'p',45'-',50'2',48'0',48'0',52'4'}

 C:\EUPHORIA\include\w32support.e:
    vCurrencySym = {36'$',163,164,165,128}
    vAbortRtn = 0
    vAllocations = 9
    vExtraCare = {}
    vOwners = {0,34523164,35578124}
    vSets = {
              {35579084,34523164,37387508,35578124},
              {34523188,34523308,37360196,34522276},
              {34522612}
            }
    vAllotted = 0
    vSafetyBuffer = 4
    w32UsingSafeCode = 0
    whitespace = {32' ',9,10,11,12,13}
    vCharAttr = {1,1,1,1,1,1,1,1,1,33'!',33'!',33'!',33'!',33'!',1,1,1,1,
1,1,1,1,1,1,1,1,1,1,1,1,1,1,288,264,264,264,264,264,264,264,264,264,264,
264,264,264,264,264,772,772,772,772,772,772,772,772,772,772,264,264,264,
264,264,264,264,898,898,898,898,898,898,898,898,898,898,898,898,898,898,
898,898,898,898,898,898,898,898,898,898,898,898,264,264,264,264,776,264,
834,834,834,834,834,834,834,834,834,834,834,834,834,834,834,834,834,834,
834,834,834,834,834,834,834,834,264,264,264,264,16,16,16,16,16,16,16,16,
16,16,16,16,16,16,16,16,16,16,16,16,16,16,16,16,16,16,16,16,16,16,16,16,
16,288,16,16,16,16,16,16,16,16,16,16,16,16,16,16,16,16,16,16,16,16,16,16,
16,16,16,16,16,16,16,16,16,16,16,16,16,16,16,16,16,16,16,16,16,16,16,16,
16,16,16,16,16,16,16,16,16,16,16,16,16,16,16,16,16,16,16,16,16,16,16,16,
16,16,16,16,16,16,16,16,16,16,16,16,16,16,16,16,16,16,16,16,16,16,16,16,
16}
    vOldSeed = 1777713421

 C:\EUPHORIA\include\w32dll.ew:
    vw32Libraries = {
                      {
                        {1,1667170304},
                        {
                          {114'r',105'i',99'c',104'h',101'e',100'd',51'3',
50'2',46'.',100'd',108'l',108'l'},
                          {114'r',105'i',99'c',104'h',101'e',100'd',50'2',
48'0',46'.',100'd',108'l',108'l'}
                        }
                      },
                      {
                        {1,1968832512},
                        {117'u',115's',101'e',114'r',51'3',50'2',46'.',100'd',
108'l',108'l'}
                      },
                      {
                        {1,1997537280},
                        {103'g',100'd',105'i',51'3',50'2',46'.',100'd',108'l',
108'l'}
                      },
                      {
                        {0,0},
                        {119'w',105'i',110'n',109'm',109'm',46'.',100'd',
108'l',108'l'}
                      },
                      {
                        {0,0},
                        {99'c',111'o',109'm',100'd',108'l',103'g',51'3',
50'2',46'.',100'd',108'l',108'l'}
                      },
                      {
                        {1,1893990400},
                        {99'c',111'o',109'm',99'c',116't',108'l',51'3',50'2',
46'.',100'd',108'l',108'l'}
                      },
                      {
                        {1,1958215680},
                        {107'k',101'e',114'r',110'n',101'e',108'l',51'3',
50'2',46'.',100'd',108'l',108'l'}
                      },
                      {
                        {0,0},
                        {115's',104'h',101'e',108'l',108'l',51'3',50'2',
46'.',100'd',108'l',108'l'}
                      },
                      {
                        {0,0},
                        {111'o',108'l',101'e',51'3',50'2',46'.',100'd',108'l',
108'l'}
                      },
                      {
                        {0,0},
                        {97'a',100'd',118'v',97'a',112'p',105'i',51'3',50'2',
46'.',100'd',108'l',108'l'}
                      },
                      {
                        {1,1802502144},
                        {116't',105'i',110'n',121'y',120'x',109'm',108'l',
95'_',100'd',108'l',108'l',46'.',100'd',108'l',108'l'}
                      }
                    }
    vw32Routines = {
                     {
                       -2,
                       {83'S',101'e',116't',80'P',97'a',114'r',101'e',110'n',
116't'},
                       {33554436,33554436},
                       33554436
                     },
                     12,
                     19,
                     {
                       -2,
                       {68'D',101'e',115's',116't',114'r',111'o',121'y',
73'I',99'c',111'o',110'n'},
                       {33554436},
                       33554436
                     },
                     {
                       -2,
                       {71'G',101'e',116't',73'I',99'c',111'o',110'n',73'I',
110'n',102'f',111'o'},
                       {33554436,33554436},
                       16777220
                     },
                     20,
                     {
                       -2,
                       {85'U',110'n',114'r',101'e',103'g',105'i',115's',
116't',101'e',114'r',67'C',108'l',97'a',115's',115's',65'A'},
                       {33554436,33554436},
                       16777220
                     },
                     21,
                     {
                       -2,
                       {67'C',114'r',101'e',97'a',116't',101'e',77'M',68'D',
73'I',87'W',105'i',110'n',100'd',111'o',119'w',65'A'},
                       {33554436,33554436,33554436,16777220,16777220,16777220,
16777220,33554436,33554436,16777220},
                       33554436
                     },
                     {
                       -2,
                       {71'G',101'e',116't',67'C',108'l',97'a',115's',115's',
78'N',97'a',109'm',101'e',65'A'},
                       {16777220,16777220,16777220},
                       16777220
                     },
                     29,
                     {
                       -2,
                       {85'U',112'p',100'd',97'a',116't',101'e',87'W',105'i',
110'n',100'd',111'o',119'w'},
                       {33554436}
                     },
                     {
                       -2,
                       {83'S',101'e',116't',70'F',111'o',114'r',101'e',103'g',
114'r',111'o',117'u',110'n',100'd',87'W',105'i',110'n',100'd',111'o',119'w'},
                       {33554436},
                       33554436
                     },
                     {
                       -2,
                       {71'G',101'e',116't',70'F',111'o',114'r',101'e',103'g',
114'r',111'o',117'u',110'n',100'd',87'W',105'i',110'n',100'd',111'o',119'w'},
                       {},
                       16777220
                     },
                     13,
                     {
                       -2,
                       {76'L',111'o',97'a',100'd',67'C',117'u',114'r',115's',
111'o',114'r',70'F',114'r',111'o',109'm',70'F',105'i',108'l',101'e',65'A'},
                       {33554436},
                       33554436
                     },
                     {
                       -2,
                       {83'S',101'e',116't',67'C',117'u',114'r',115's',111'o',
114'r'},
                       {33554436},
                       16777220
                     },
                     {
                       -2,
                       {83'S',101'e',116't',67'C',117'u',114'r',115's',111'o',
114'r',80'P',111'o',115's'},
                       {16777220,16777220}
                     },
                     {
                       -2,
                       {109'm',111'o',117'u',115's',101'e',95'_',101'e',
118'v',101'e',110'n',116't'},
                       {16777220,16777220,16777220,16777220,16777220}
                     },
                     {
                       -2,
                       {83'S',104'h',111'o',119'w',67'C',117'u',114'r',115's',
111'o',114'r'},
                       {16777220},
                       16777220
                     },
                     {
                       -2,
                       {67'C',114'r',101'e',97'a',116't',101'e',67'C',117'u',
114'r',115's',111'o',114'r'},
                       {33554436,16777220,16777220,16777220,16777220,33554436,
33554436},
                       33554436
                     },
                     {
                       -2,
                       {68'D',101'e',115's',116't',114'r',111'o',121'y',
67'C',117'u',114'r',115's',111'o',114'r'},
                       {33554436},
                       16777220
                     },
                     {
                       -2,
                       {71'G',101'e',116't',67'C',108'l',97'a',115's',115's',
76'L',111'o',110'n',103'g',65'A'},
                       {33554436,16777220},
                       33554436
                     },
                     26,
                     {
                       -2,
                       {80'P',101'e',101'e',107'k',77'M',101'e',115's',115's',
97'a',103'g',101'e',65'A'},
                       {33554436,33554436,33554436,33554436,33554436},
                       16777220
                     },
                     {
                       -2,
                       {71'G',101'e',116't',77'M',101'e',115's',115's',97'a',
103'g',101'e',65'A'},
                       {33554436,33554436,33554436,33554436},
                       16777220
                     },
                     {
                       -2,
                       {84'T',114'r',97'a',110'n',115's',108'l',97'a',116't',
101'e',77'M',101'e',115's',115's',97'a',103'g',101'e'},
                       {16777220}
                     },
                     {
                       -2,
                       {68'D',105'i',115's',112'p',97'a',116't',99'c',104'h',
77'M',101'e',115's',115's',97'a',103'g',101'e',65'A'},
                       {33554436}
                     },
                     {
                       -2,
                       {71'G',101'e',116't',81'Q',117'u',101'e',117'u',101'e',
83'S',116't',97'a',116't',117'u',115's'},
                       {33554436},
                       33554436
                     },
                     28,
                     31,
                     {
                       -2,
                       {68'D',114'r',97'a',119'w',84'T',101'e',120'x',116't',
65'A'},
                       {33554436,33554436,16777220,33554436,33554436},
                       16777220
                     },
                     {
                       -2,
                       {68'D',114'r',97'a',119'w',84'T',101'e',120'x',116't',
69'E',120'x',65'A'},
                       {33554436,33554436,16777220,33554436,33554436,33554436},
                       16777220
                     },
                     22,
                     {
                       -2,
                       {68'D',101'e',102'f',70'F',114'r',97'a',109'm',101'e',
80'P',114'r',111'o',99'c',65'A'},
                       {33554436,33554436,33554436,16777220,16777220},
                       16777220
                     },
                     14,
                     18,
                     {
                       -2,
                       {66'B',101'e',103'g',105'i',110'n',80'P',97'a',105'i',
110'n',116't'},
                       {33554436,33554436},
                       16777220
                     },
                     {
                       -2,
                       {69'E',110'n',100'd',80'P',97'a',105'i',110'n',116't'},
                       {33554436,33554436}
                     },
                     {
                       -2,
                       {71'G',101'e',116't',85'U',112'p',100'd',97'a',116't',
101'e',82'R',101'e',99'c',116't'},
                       {33554436,33554436,16777220},
                       16777220
                     },
                     {
                       -2,
                       {71'G',101'e',116't',85'U',112'p',100'd',97'a',116't',
101'e',82'R',103'g',110'n'},
                       {33554436,33554436,16777220},
                       16777220
                     },
                     {
                       -2,
                       {69'E',120'x',99'c',108'l',117'u',100'd',101'e',85'U',
112'p',100'd',97'a',116't',101'e',82'R',103'g',110'n'},
                       {33554436,33554436},
                       16777220
                     },
                     27,
                     {
                       -2,
                       {86'V',97'a',108'l',105'i',100'd',97'a',116't',101'e',
82'R',101'e',99'c',116't'},
                       {33554436,33554436},
                       16777220
                     },
                     {
                       -2,
                       {73'I',110'n',118'v',97'a',108'l',105'i',100'd',97'a',
116't',101'e',82'R',103'g',110'n'},
                       {33554436,33554436,16777220},
                       16777220
                     },
                     {
                       -2,
                       {86'V',97'a',108'l',105'i',100'd',97'a',116't',101'e',
82'R',103'g',110'n'},
                       {33554436,33554436},
                       16777220
                     },
                     {
                       -2,
                       {82'R',101'e',100'd',114'r',97'a',119'w',87'W',105'i',
110'n',100'd',111'o',119'w'},
                       {33554436,33554436,33554436,33554436},
                       16777220
                     },
                     {
                       -2,
                       {83'S',101'e',116't',84'T',105'i',109'm',101'e',114'r'},
                       {33554436,33554436,33554436,33554436}
                     },
                     {
                       -2,
                       {75'K',105'i',108'l',108'l',84'T',105'i',109'm',101'e',
114'r'},
                       {33554436,33554436}
                     },
                     {
                       -2,
                       {83'S',101'e',116't',87'W',105'i',110'n',100'd',111'o',
119'w',84'T',101'e',120'x',116't',65'A'},
                       {33554436,33554436},
                       16777220
                     },
                     {
                       -2,
                       {71'G',101'e',116't',87'W',105'i',110'n',100'd',111'o',
119'w',84'T',101'e',120'x',116't',65'A'},
                       {33554436,33554436,16777220},
                       16777220
                     },
                     {
                       -2,
                       {71'G',101'e',116't',87'W',105'i',110'n',100'd',111'o',
119'w',84'T',101'e',120'x',116't',76'L',101'e',110'n',103'g',116't',104'h',
65'A'},
                       {33554436},
                       16777220
                     },
                     {
                       -2,
                       {69'E',110'n',97'a',98'b',108'l',101'e',87'W',105'i',
110'n',100'd',111'o',119'w'},
                       {33554436,16777220}
                     },
                     {
                       -2,
                       {73'I',115's',87'W',105'i',110'n',100'd',111'o',119'w',
86'V',105'i',115's',105'i',98'b',108'l',101'e'},
                       {33554436},
                       16777220
                     },
                     {
                       -2,
                       {73'I',115's',87'W',105'i',110'n',100'd',111'o',119'w',
69'E',110'n',97'a',98'b',108'l',101'e',100'd'},
                       {33554436},
                       16777220
                     },
                     {
                       -2,
                       {73'I',115's',73'I',99'c',111'o',110'n',105'i',99'c'},
                       {33554436},
                       16777220
                     },
                     {
                       -2,
                       {73'I',115's',90'Z',111'o',111'o',109'm',101'e',100'd'},
                       {33554436},
                       16777220
                     },
                     {
                       -2,
                       {71'G',101'e',116't',75'K',101'e',121'y',83'S',116't',
97'a',116't',101'e'},
                       {16777220},
                       16777220
                     },
                     {
                       -2,
                       {83'S',101'e',116't',70'F',111'o',99'c',117'u',115's'},
                       {33554436}
                     },
                     30,
                     23,
                     32' ',
                     {
                       -2,
                       {76'L',111'o',97'a',100'd',77'M',101'e',110'n',117'u',
65'A'},
                       {33554436,33554436},
                       16777220
                     },
                     {
                       -2,
                       {76'L',111'o',97'a',100'd',77'M',101'e',110'n',117'u',
73'I',110'n',100'd',105'i',114'r',101'e',99'c',116't',65'A'},
                       {33554436},
                       33554436
                     },
                     {
                       -2,
                       {71'G',101'e',116't',77'M',101'e',110'n',117'u'},
                       {33554436},
                       33554436
                     },
                     {
                       -2,
                       {83'S',101'e',116't',77'M',101'e',110'n',117'u'},
                       {33554436,33554436},
                       16777220
                     },
                     {
                       -2,
                       {72'H',105'i',108'l',105'i',116't',101'e',77'M',101'e',
110'n',117'u',73'I',116't',101'e',109'm'},
                       {33554436,33554436,33554436,33554436},
                       16777220
                     },
                     {
                       -2,
                       {71'G',101'e',116't',77'M',101'e',110'n',117'u',83'S',
116't',114'r',105'i',110'n',103'g',65'A'},
                       {33554436,33554436,33554436,16777220,33554436},
                       16777220
                     },
                     {
                       -2,
                       {71'G',101'e',116't',77'M',101'e',110'n',117'u',83'S',
116't',97'a',116't',101'e'},
                       {33554436,33554436,33554436},
                       16777220
                     },
                     {
                       -2,
                       {68'D',114'r',97'a',119'w',77'M',101'e',110'n',117'u',
66'B',97'a',114'r'},
                       {33554436},
                       16777220
                     },
                     {
                       -2,
                       {71'G',101'e',116't',83'S',121'y',115's',116't',101'e',
109'm',77'M',101'e',110'n',117'u'},
                       {33554436,16777220},
                       33554436
                     },
                     {
                       -2,
                       {67'C',114'r',101'e',97'a',116't',101'e',77'M',101'e',
110'n',117'u'},
                       {},
                       33554436
                     },
                     {
                       -2,
                       {67'C',114'r',101'e',97'a',116't',101'e',80'P',111'o',
112'p',117'u',112'p',77'M',101'e',110'n',117'u'},
                       {},
                       33554436
                     },
                     {
                       -2,
                       {68'D',101'e',115's',116't',114'r',111'o',121'y',
77'M',101'e',110'n',117'u'},
                       {33554436},
                       16777220
                     },
                     {
                       -2,
                       {67'C',104'h',101'e',99'c',107'k',77'M',101'e',110'n',
117'u',73'I',116't',101'e',109'm'},
                       {33554436,33554436,33554436},
                       16777220
                     },
                     {
                       -2,
                       {69'E',110'n',97'a',98'b',108'l',101'e',77'M',101'e',
110'n',117'u',73'I',116't',101'e',109'm'},
                       {33554436,33554436,33554436},
                       16777220
                     },
                     {
                       -2,
                       {71'G',101'e',116't',83'S',117'u',98'b',77'M',101'e',
110'n',117'u'},
                       {33554436,16777220},
                       33554436
                     },
                     {
                       -2,
                       {71'G',101'e',116't',77'M',101'e',110'n',117'u',73'I',
116't',101'e',109'm',73'I',68'D'},
                       {33554436,16777220},
                       33554436
                     },
                     {
                       -2,
                       {71'G',101'e',116't',77'M',101'e',110'n',117'u',73'I',
116't',101'e',109'm',67'C',111'o',117'u',110'n',116't'},
                       {33554436},
                       16777220
                     },
                     {
                       -2,
                       {73'I',110'n',115's',101'e',114'r',116't',77'M',101'e',
110'n',117'u',65'A'},
                       {33554436,33554436,33554436,33554436,33554436},
                       16777220
                     },
                     {
                       -2,
                       {65'A',112'p',112'p',101'e',110'n',100'd',77'M',101'e',
110'n',117'u',65'A'},
                       {33554436,33554436,33554436,33554436},
                       33554436
                     },
                     {
                       -2,
                       {77'M',111'o',100'd',105'i',102'f',121'y',77'M',101'e',
110'n',117'u',65'A'},
                       {33554436,33554436,33554436,33554436,33554436},
                       16777220
                     },
                     {
                       -2,
                       {82'R',101'e',109'm',111'o',118'v',101'e',77'M',101'e',
110'n',117'u'},
                       {33554436,33554436,33554436},
                       16777220
                     },
                     {
                       -2,
                       {68'D',101'e',108'l',101'e',116't',101'e',77'M',101'e',
110'n',117'u'},
                       {33554436,33554436,33554436},
                       16777220
                     },
                     {
                       -2,
                       {83'S',101'e',116't',77'M',101'e',110'n',117'u',73'I',
116't',101'e',109'm',66'B',105'i',116't',109'm',97'a',112'p',115's'},
                       {16777220,33554436,33554436,33554436,33554436},
                       16777220
                     },
                     {
                       -2,
                       {71'G',101'e',116't',77'M',101'e',110'n',117'u',67'C',...
    vNextRtn = 308
    WC_RICHEDIT = {82'R',73'I',67'C',72'H',69'E',68'D',73'I',84'T',50'2',
48'0',65'A'}

 C:\EUPHORIA\include\w32file.ew:
    VOID = <no value>
    vSearchPaths = {}
    vFileNameBufferSize = 8000
    vOpenedFlags = 0

 C:\EUPHORIA\include\series.e:
    vDefnSeries = {
                    0,
                    1,
                    2,
                    3,
                    {119'w',51'3',50'2',72'H',67'C',104'h',97'a',110'n',
103'g',101'e'},
                    4,
                    5,
                    6
                  }
    vSeriesData = {
                    {6,1,0,1,0,{},-1,0},
                    {28,1,0,1,0,{},-1,0},
                    {52'4',1,0,1,0,{},-1,0},
                    {4,1,0,1,0,{},-1,0},
                    {4,1,0,1,0,{},-1,0},
                    {45'-',1,0,1,0,{},-1,0},
                    {7,1,0,1,0,{},-1,0},
                    {5,1,0,1,0,{},-1,0}
                  }

 C:\EUPHORIA\include\rttext.e:
    vUserLang = {101'e',110'n',103'g',108'l',105'i',115's',104'h'}
    vContainer = {109'm',115's',103'g',115's',46'.',105'i',110'n',105'i'}

 C:\EUPHORIA\include\Win32Lib.ew:
    vPermMemSet = 34523164
    vWinMainState = 0
    vEndAction = -1
    vAppName = {87'W',105'i',110'n',51'3',50'2',76'L',105'i',98'b',32' ',
65'A',112'p',112'p',87'W',105'i',110'n',100'd',111'o',119'w'}
    w32LastEventType = 28
    vWinMsg = {
                {-9987,8390934,48'0',2802454375,1},
                {-9987,8390934,71'G',0,914196},
                {-9987,8390934,5,0,24707306},
                0,
                0,
                0,
                0,
                0,
                0,
                0,
                0,
                0,
                0,
                0,
                0,
                0
              }
    vWMI = 0
    vDuringPaint = {}
    vDragData = {}
    vCSP = 0
    w32Seed = 826814608
    vFontResolution = 1
    vFontKeys = {
                  {
                    69'E',
                    -10,
                    0,
                    700,
                    {109'm',115's',32' ',115's',97'a',110'n',115's',32' ',
115's',101'e',114'r',105'i',102'f'}
                  }
                }
    vFontHandles = {2802454375}
    vFontWeight = 700
    idStack = {18,0,0,0,0,0,0,0,0,0}
    returnStack = {0,0,0,0,0,0,0,0,0,0}
    SP = 0
    gwsMem = 34523188
    gppMem = 34523308
    vDragPointer = {32515,32515,32515,32515}
    NumClasses = 52'4'
    vEventCodes = {1,2,3,4,5,6,7,8,9,10,11,12,13,14,15,16,17,18,19,20,21,
22,23,24,25,27,28}
    vWinIconNames = {
                      {65'A',80'P',80'P',76'L',73'I',67'C',65'A',84'T',73'I',
79'O',78'N'},
                      {69'E',82'R',82'R',79'O',82'R'},
                      {81'Q',85'U',69'E',83'S',84'T',73'I',79'O',78'N'},
                      {87'W',65'A',82'R',78'N',73'I',78'N',71'G'},
                      {65'A',83'S',84'T',69'E',82'R',73'I',83'S',75'K'},
                      {87'W',73'I',78'N',76'L',79'O',71'G',79'O'}
                    }
    vEventNamesUpper = {
                         {66'B',82'R',69'E',65'A',75'K'},
                         {80'P',65'A',85'U',83'S',69'E'},
                         {77'M',79'O',85'U',83'S',69'E'},
                         {67'C',76'L',73'I',67'C',75'K'},
                         {75'K',69'E',89'Y',80'P',82'R',69'E',83'S',83'S'},
                         {75'K',69'E',89'Y',85'U',80'P'},
                         {75'K',69'E',89'Y',68'D',79'O',87'W',78'N'},
                         {82'R',69'E',83'S',73'I',90'Z',69'E'},
                         {67'C',72'H',65'A',78'N',71'G',69'E'},
                         {71'G',79'O',84'T',70'F',79'O',67'C',85'U',83'S'},
                         {76'L',79'O',83'S',84'T',70'F',79'O',67'C',85'U',
83'S'},
                         {83'S',67'C',82'R',79'O',76'L',76'L'},
                         {79'O',80'P',69'E',78'N'},
                         {67'C',76'L',79'O',83'S',69'E'},
                         {68'D',69'E',83'S',84'T',82'R',79'O',89'Y'},
                         {84'T',73'I',77'M',69'E',82'R'},
                         {80'P',65'A',73'I',78'N',84'T'},
                         {68'D',82'R',65'A',71'G',65'A',78'N',68'D',68'D',
82'R',79'O',80'P'},
                         {69'E',86'V',69'E',78'N',84'T'},
                         {65'A',67'C',84'T',73'I',86'V',65'A',84'T',69'E'},
                         {65'A',70'F',84'T',69'E',82'R',69'E',86'V',69'E',
78'N',84'T'},
                         {68'D',82'R',79'O',80'P',68'D',79'O',87'W',78'N'},
                         {67'C',76'L',79'O',83'S',69'E',85'U',80'P'},
                         {73'I',68'D',76'L',69'E'},
                         {82'R',69'E',71'G',73'I',79'O',78'N'},
                         {71'G',69'E',84'T',72'H',65'A',78'N',68'D',76'L',
69'E',82'R'},
                         {68'D',65'A',84'T',65'A',67'C',72'H',65'A',78'N',
71'G',69'E'}
                       }
    vEventNames = {
                    {66'B',114'r',101'e',97'a',107'k'},
                    {80'P',97'a',117'u',115's',101'e'},
                    {77'M',111'o',117'u',115's',101'e'},
                    {67'C',108'l',105'i',99'c',107'k'},
                    {75'K',101'e',121'y',80'P',114'r',101'e',115's',115's'},
                    {75'K',101'e',121'y',85'U',112'p'},
                    {75'K',101'e',121'y',68'D',111'o',119'w',110'n'},
                    {82'R',101'e',115's',105'i',122'z',101'e'},
                    {67'C',104'h',97'a',110'n',103'g',101'e'},
                    {71'G',111'o',116't',70'F',111'o',99'c',117'u',115's'},
                    {76'L',111'o',115's',116't',70'F',111'o',99'c',117'u',
115's'},
                    {83'S',99'c',114'r',111'o',108'l',108'l'},
                    {79'O',112'p',101'e',110'n'},
                    {67'C',108'l',111'o',115's',101'e'},
                    {68'D',101'e',115's',116't',114'r',111'o',121'y'},
                    {84'T',105'i',109'm',101'e',114'r'},
                    {80'P',97'a',105'i',110'n',116't'},
                    {68'D',114'r',97'a',103'g',65'A',110'n',100'd',68'D',
114'r',111'o',112'p'},
                    {69'E',118'v',101'e',110'n',116't'},
                    {65'A',99'c',116't',105'i',118'v',97'a',116't',101'e'},
                    {65'A',102'f',116't',101'e',114'r',69'E',118'v',101'e',
110'n',116't'},
                    {68'D',114'r',111'o',112'p',68'D',111'o',119'w',110'n'},
                    {67'C',108'l',111'o',115's',101'e',85'U',112'p'},
                    {73'I',100'd',108'l',101'e'},
                    {73'I',110'n',112'p',117'u',116't'},
                    {71'G',101'e',116't',72'H',97'a',110'n',100'd',108'l',
101'e',114'r'}
                  }
    vControlTypes = {1,2,2,2,3,3,4,5,6,7,7,8,8,9,9,10,11,11,12,13,14,15,15,
15,15,16,17,17,18,19,20,21,22,23,24,25,26,27,28,29,30,31,32' ',33'!',34'"',
35'#',36'$',37'%',38'&',39''',40'(',41')',42'*',43'+',44',',45'-',46'.',
47'/',48'0',49'1',50'2'}
    vControlNames = {
                      {87'W',73'I',78'N',68'D',79'O',87'W'},
                      {80'P',85'U',83'S',72'H',66'B',85'U',84'T',84'T',79'O',
78'N'},
                      {67'C',79'O',77'M',77'M',65'A',78'N',68'D',66'B',85'U',
84'T',84'T',79'O',78'N'},
                      {66'B',85'U',84'T',84'T',79'O',78'N'},
                      {68'D',69'E',70'F',80'P',85'U',83'S',72'H',66'B',85'U',
84'T',84'T',79'O',78'N'},
                      {68'D',69'E',70'F',66'B',85'U',84'T',84'T',79'O',78'N'},
                      {67'C',65'A',78'N',67'C',69'E',76'L',66'B',85'U',84'T',
84'T',79'O',78'N'},
                      {67'C',72'H',69'E',67'C',75'K',66'B',79'O',88'X'},
                      {84'T',82'R',73'I',67'C',72'H',69'E',67'C',75'K',66'B',
79'O',88'X'},
                      {82'R',65'A',68'D',73'I',79'O'},
                      {82'R',65'A',68'D',73'I',79'O',66'B',85'U',84'T',84'T',
79'O',78'N'},
                      {71'G',82'R',79'O',85'U',80'P'},
                      {71'G',82'R',79'O',85'U',80'P',66'B',79'O',88'X'},
                      {76'L',73'I',83'S',84'T'},
                      {76'L',73'I',83'S',84'T',66'B',79'O',88'X'},
                      {83'S',79'O',82'R',84'T',69'E',68'D',76'L',73'I',83'S',
84'T'},
                      {67'C',79'O',77'M',66'B',79'O'},
                      {67'C',79'O',77'M',66'B',79'O',66'B',79'O',88'X'},
                      {83'S',79'O',82'R',84'T',69'E',68'D',67'C',79'O',77'M',
66'B',79'O'},
                      {83'S',73'I',77'M',80'P',76'L',69'E',67'C',79'O',77'M',
66'B',79'O'},
                      {68'D',82'R',79'O',80'P',68'D',79'O',87'W',78'N',76'L',
73'I',83'S',84'T'},
                      {69'E',68'D',73'I',84'T',84'T',69'E',88'X',84'T'},
                      {69'E',68'D',73'I',84'T',66'B',79'O',88'X'},
                      {84'T',69'E',88'X',84'T',66'B',79'O',88'X'},
                      {83'S',76'L',69'E',84'T',69'E',88'X',84'T'},
                      {77'M',76'L',69'E',84'T',69'E',88'X',84'T'},
                      {76'L',84'T',69'E',88'X',84'T'},
                      {76'L',65'A',66'B',69'E',76'L'},
                      {82'R',84'T',69'E',88'X',84'T'},
                      {67'C',84'T',69'E',88'X',84'T'},
                      {72'H',83'S',67'C',82'R',79'O',76'L',76'L'},
                      {86'V',83'S',67'C',82'R',79'O',76'L',76'L'},
                      {73'I',67'C',79'O',78'N'},
                      {66'B',73'I',84'T',77'M',65'A',80'P'},
                      {77'M',69'E',78'N',85'U'},
                      {80'P',79'O',80'P',85'U',80'P'},
                      {77'M',69'E',78'N',85'U',73'I',84'T',69'E',77'M'},
                      {77'M',69'E',78'N',85'U',83'S',80'P',65'A',67'C',69'E',
82'R'},
                      {80'P',73'I',88'X',77'M',65'A',80'P'},
                      {84'T',79'O',79'O',76'L',66'B',65'A',82'R'},
                      {83'S',84'T',65'A',84'T',85'U',83'S',66'B',65'A',82'R'},
                      {80'P',73'I',67'C',84'T',85'U',82'R',69'E',66'B',85'U',
84'T',84'T',79'O',78'N'},
                      {84'T',79'O',71'G',71'G',76'L',69'E',66'B',85'U',84'T',
84'T',79'O',78'N'},
                      {84'T',79'O',71'G',71'G',76'L',69'E',80'P',73'I',67'C',
84'T',85'U',82'R',69'E'},
                      {72'H',84'T',82'R',65'A',67'C',75'K',66'B',65'A',82'R'},
                      {86'V',84'T',82'R',65'A',67'C',75'K',66'B',65'A',82'R'},
                      {84'T',65'A',66'B',67'C',79'O',78'N',84'T',82'R',79'O',
76'L'},
                      {84'T',65'A',66'B',73'I',84'T',69'E',77'M'},
                      {80'P',82'R',79'O',71'G',82'R',69'E',83'S',83'S',66'B',
65'A',82'R'},
                      {76'L',73'I',83'S',84'T',86'V',73'I',69'E',87'W'},
                      {73'I',77'M',65'A',71'G',69'E',76'L',73'I',83'S',84'T'},
                      {84'T',82'R',69'E',69'E',86'V',73'I',69'E',87'W'},
                      {82'R',73'I',67'C',72'H',69'E',68'D',73'I',84'T'},
                      {77'M',79'O',78'N',84'T',72'H',67'C',65'A',76'L',69'E',
78'N',68'D',65'A',82'R'},
                      {85'U',80'P',68'D',79'O',87'W',78'N'},
                      {82'R',69'E',66'B',65'A',82'R'},
                      {82'R',69'E',66'B',65'A',82'R',66'B',65'A',78'N',68'D'},
                      {84'T',79'O',79'O',76'L',84'T',73'I',80'P'},
                      {70'F',76'L',65'A',84'T',84'T',79'O',79'O',76'L',66'B',
65'A',82'R'},
                      {83'S',69'E',80'P',66'B',85'U',84'T',84'T',79'O',78'N'},
                      {67'C',79'O',77'M',66'B',79'O',66'B',79'O',88'X',69'E',
88'X'}
                    }
    vControlRID = {0,0,0,0,0,0,0,0,0,0,0,0,0,0,0,0,0,0,0,0,0,0,0,0,0,0,0,
0,0,0,0,0,0,0,0,0,0,0,0,0,0,0,0,0,0,0,0,0,0,0,0,0,0,0,0,0,0,0,0,0,0}
    vWinExFlagValues = {16,262144,512,1024,65536,1,0,16384,0,64'@',4,768,
392,4096,0,8192,131072,128,8,32' ',256,524288,1048576,4194304,134217728}
    vWinFlagValues = {0,2147483648,1073741824,536870912,268435456,134217728,
1140850688,67108864,33554432,16777216,12582912,8388608,4194304,1048576,2097152,
524288,262144,131072,65536,3145728,131072,65536,0,536870912,262144,13565952,
13565952,-2138570752,1073741824,5,6,3,9,128,2048,768,2,1,7,64'@',256,32' ',
8192,16384,11,0,4096,4,512,32' ',0,1024,8,3072,0,1,2,4,128,64'@',8192,16,
8192,8192,1024,32' ',2048,8,4096,192,32768,256,1,2,4,8,16,32' ',64'@',128,
256,512,1024,2048,4096,8192,16384,10485763,0,1,2,3,3,4,8,16,32' ',64'@',
128,256,512,4096,8192,64512,0,2048,3072,1024,16384,32768,256,512,1024,2048,
4096,8192,16384,32768,1,2,4,8,16,32' ',64'@',128,256,1,2,4,8,16,32' ',64'@',
128,256,512,1024,2048,4096,8192,16384,8,4,32' ',16,64'@',128,2,1,128,256,
512,1024,2048,4096,16384,32768}
    vWinExFlagNames = {
                        {87'W',83'S',95'_',69'E',88'X',95'_',65'A',67'C',
67'C',69'E',80'P',84'T',70'F',73'I',76'L',69'E',83'S'},
                        {87'W',83'S',95'_',69'E',88'X',95'_',65'A',80'P',
80'P',87'W',73'I',78'N',68'D',79'O',87'W'},
                        {87'W',83'S',95'_',69'E',88'X',95'_',67'C',76'L',
73'I',69'E',78'N',84'T',69'E',68'D',71'G',69'E'},
                        {87'W',83'S',95'_',69'E',88'X',95'_',67'C',79'O',
78'N',84'T',69'E',88'X',84'T',72'H',69'E',76'L',80'P'},
                        {87'W',83'S',95'_',69'E',88'X',95'_',67'C',79'O',
78'N',84'T',82'R',79'O',76'L',80'P',65'A',82'R',69'E',78'N',84'T'},
                        {87'W',83'S',95'_',69'E',88'X',95'_',68'D',76'L',
71'G',77'M',79'O',68'D',65'A',76'L',70'F',82'R',65'A',77'M',69'E'},
                        {87'W',83'S',95'_',69'E',88'X',95'_',76'L',69'E',
70'F',84'T'},
                        {87'W',83'S',95'_',69'E',88'X',95'_',76'L',69'E',
70'F',84'T',83'S',67'C',82'R',79'O',76'L',76'L',66'B',65'A',82'R'},
                        {87'W',83'S',95'_',69'E',88'X',95'_',76'L',84'T',
82'R',82'R',69'E',65'A',68'D',73'I',78'N',71'G'},
                        {87'W',83'S',95'_',69'E',88'X',95'_',77'M',68'D',
73'I',67'C',72'H',73'I',76'L',68'D'},
                        {87'W',83'S',95'_',69'E',88'X',95'_',78'N',79'O',
80'P',65'A',82'R',69'E',78'N',84'T',78'N',79'O',84'T',73'I',70'F',89'Y'},
                        {87'W',83'S',95'_',69'E',88'X',95'_',79'O',86'V',
69'E',82'R',76'L',65'A',80'P',80'P',69'E',68'D',87'W',73'I',78'N',68'D',
79'O',87'W'},
                        {87'W',83'S',95'_',69'E',88'X',95'_',80'P',65'A',
76'L',69'E',84'T',84'T',69'E',87'W',73'I',78'N',68'D',79'O',87'W'},
                        {87'W',83'S',95'_',69'E',88'X',95'_',82'R',73'I',
71'G',72'H',84'T'},
                        {87'W',83'S',95'_',69'E',88'X',95'_',82'R',73'I',
71'G',72'H',84'T',83'S',67'C',82'R',79'O',76'L',76'L',66'B',65'A',82'R'},
                        {87'W',83'S',95'_',69'E',88'X',95'_',82'R',84'T',
76'L',82'R',69'E',65'A',68'D',73'I',78'N',71'G'},
                        {87'W',83'S',95'_',69'E',88'X',95'_',83'S',84'T',
65'A',84'T',73'I',67'C',69'E',68'D',71'G',69'E'},
                        {87'W',83'S',95'_',69'E',88'X',95'_',84'T',79'O',
79'O',76'L',87'W',73'I',78'N',68'D',79'O',87'W'},
                        {87'W',83'S',95'_',69'E',88'X',95'_',84'T',79'O',
80'P',77'M',79'O',83'S',84'T'},
                        {87'W',83'S',95'_',69'E',88'X',95'_',84'T',82'R',
65'A',78'N',83'S',80'P',65'A',82'R',69'E',78'N',84'T'},
                        {87'W',83'S',95'_',69'E',88'X',95'_',87'W',73'I',
78'N',68'D',79'O',87'W',69'E',68'D',71'G',69'E'},
                        {87'W',83'S',95'_',69'E',88'X',95'_',76'L',65'A',
89'Y',69'E',82'R',69'E',68'D'},
                        {87'W',83'S',95'_',69'E',88'X',95'_',78'N',79'O',
73'I',78'N',72'H',69'E',82'R',73'I',84'T',76'L',65'A',89'Y',79'O',85'U',
84'T'},
                        {87'W',83'S',95'_',69'E',88'X',95'_',76'L',65'A',
89'Y',79'O',85'U',84'T',82'R',84'T',76'L'},
                        {87'W',83'S',95'_',69'E',88'X',95'_',78'N',79'O',
65'A',67'C',84'T',73'I',86'V',65'A',84'T',69'E'}
                      }
    vWinFlagNames = {
                      {87'W',83'S',95'_',79'O',86'V',69'E',82'R',76'L',65'A',
80'P',80'P',69'E',68'D'},
                      {87'W',83'S',95'_',80'P',79'O',80'P',85'U',80'P'},
                      {87'W',83'S',95'_',67'C',72'H',73'I',76'L',68'D'},
                      {87'W',83'S',95'_',77'M',73'I',78'N',73'I',77'M',73'I',
90'Z',69'E'},
                      {87'W',83'S',95'_',86'V',73'I',83'S',73'I',66'B',76'L',
69'E'},
                      {87'W',83'S',95'_',68'D',73'I',83'S',65'A',66'B',76'L',
69'E',68'D'},
                      {87'W',83'S',95'_',67'C',76'L',73'I',80'P',80'P',73'I',
78'N',71'G',67'C',72'H',73'I',76'L',68'D'},
                      {87'W',83'S',95'_',67'C',76'L',73'I',80'P',83'S',73'I',
66'B',76'L',73'I',78'N',71'G',83'S'},
                      {87'W',83'S',95'_',67'C',76'L',73'I',80'P',67'C',72'H',
73'I',76'L',68'D',82'R',69'E',78'N'},
                      {87'W',83'S',95'_',77'M',65'A',88'X',73'I',77'M',73'I',
90'Z',69'E'},
                      {87'W',83'S',95'_',67'C',65'A',80'P',84'T',73'I',79'O',
78'N'},
                      {87'W',83'S',95'_',66'B',79'O',82'R',68'D',69'E',82'R'},
                      {87'W',83'S',95'_',68'D',76'L',71'G',70'F',82'R',65'A',
77'M',69'E'},
                      {87'W',83'S',95'_',72'H',83'S',67'C',82'R',79'O',76'L',
76'L'},
                      {87'W',83'S',95'_',86'V',83'S',67'C',82'R',79'O',76'L',
76'L'},
                      {87'W',83'S',95'_',83'S',89'Y',83'S',77'M',69'E',78'N',
85'U'},
                      {87'W',83'S',95'_',84'T',72'H',73'I',67'C',75'K',70'F',
82'R',65'A',77'M',69'E'},
                      {87'W',83'S',95'_',71'G',82'R',79'O',85'U',80'P'},
                      {87'W',83'S',95'_',84'T',65'A',66'B',83'S',84'T',79'O',
80'P'},
                      {87'W',83'S',95'_',83'S',67'C',82'R',79'O',76'L',76'L',
66'B',65'A',82'R',83'S'},
                      {87'W',83'S',95'_',77'M',73'I',78'N',73'I',77'M',73'I',
90'Z',69'E',66'B',79'O',88'X'},
                      {87'W',83'S',95'_',77'M',65'A',88'X',73'I',77'M',73'I',
90'Z',69'E',66'B',79'O',88'X'},
                      {87'W',83'S',95'_',84'T',73'I',76'L',69'E',68'D'},
                      {87'W',83'S',95'_',73'I',67'C',79'O',78'N',73'I',67'C'},
                      {87'W',83'S',95'_',83'S',73'I',90'Z',69'E',66'B',79'O',
88'X'},
                      {87'W',83'S',95'_',79'O',86'V',69'E',82'R',76'L',65'A',
80'P',80'P',69'E',68'D',87'W',73'I',78'N',68'D',79'O',87'W'},
                      {87'W',83'S',95'_',84'T',73'I',76'L',69'E',68'D',87'W',
73'I',78'N',68'D',79'O',87'W'},
                      {87'W',83'S',95'_',80'P',79'O',80'P',85'U',80'P',87'W',
73'I',78'N',68'D',79'O',87'W'},
                      {87'W',83'S',95'_',67'C',72'H',73'I',76'L',68'D',87'W',
73'I',78'N',68'D',79'O',87'W'},
                      {66'B',83'S',95'_',51'3',83'S',84'T',65'A',84'T',69'E'},
                      {66'B',83'S',95'_',65'A',85'U',84'T',79'O',51'3',83'S',
84'T',65'A',84'T',69'E'},
                      {66'B',83'S',95'_',65'A',85'U',84'T',79'O',67'C',72'H',
69'E',67'C',75'K',66'B',79'O',88'X'},
                      {66'B',83'S',95'_',65'A',85'U',84'T',79'O',82'R',65'A',
68'D',73'I',79'O',66'B',85'U',84'T',84'T',79'O',78'N'},
                      {66'B',83'S',95'_',66'B',73'I',84'T',77'M',65'A',80'P'},
                      {66'B',83'S',95'_',66'B',79'O',84'T',84'T',79'O',77'M'},
                      {66'B',83'S',95'_',67'C',69'E',78'N',84'T',69'E',82'R'},
                      {66'B',83'S',95'_',67'C',72'H',69'E',67'C',75'K',66'B',
79'O',88'X'},
                      {66'B',83'S',95'_',68'D',69'E',70'F',80'P',85'U',83'S',
72'H',66'B',85'U',84'T',84'T',79'O',78'N'},
                      {66'B',83'S',95'_',71'G',82'R',79'O',85'U',80'P',66'B',
79'O',88'X'},
                      {66'B',83'S',95'_',73'I',67'C',79'O',78'N'},
                      {66'B',83'S',95'_',76'L',69'E',70'F',84'T'},
                      {66'B',83'S',95'_',76'L',69'E',70'F',84'T',84'T',69'E',
88'X',84'T'},
                      {66'B',83'S',95'_',77'M',85'U',76'L',84'T',73'I',76'L',
73'I',78'N',69'E'},
                      {66'B',83'S',95'_',78'N',79'O',84'T',73'I',70'F',89'Y'},
                      {66'B',83'S',95'_',79'O',87'W',78'N',69'E',82'R',68'D',
82'R',65'A',87'W'},
                      {66'B',83'S',95'_',80'P',85'U',83'S',72'H',66'B',85'U',
84'T',84'T',79'O',78'N'},
                      {66'B',83'S',95'_',80'P',85'U',83'S',72'H',76'L',73'I',
75'K',69'E'},
                      {66'B',83'S',95'_',82'R',65'A',68'D',73'I',79'O',66'B',
85'U',84'T',84'T',79'O',78'N'},
                      {66'B',83'S',95'_',82'R',73'I',71'G',72'H',84'T'},
                      {66'B',83'S',95'_',82'R',73'I',71'G',72'H',84'T',66'B',
85'U',84'T',84'T',79'O',78'N'},
                      {66'B',83'S',95'_',84'T',69'E',88'X',84'T'},
                      {66'B',83'S',95'_',84'T',79'O',80'P'},
                      {66'B',83'S',95'_',85'U',83'S',69'E',82'R',66'B',85'U',
84'T',84'T',79'O',78'N'},
                      {66'B',83'S',95'_',86'V',67'C',69'E',78'N',84'T',69'E',
82'R'},
                      {69'E',83'S',95'_',76'L',69'E',70'F',84'T'},
                      {69'E',83'S',95'_',67'C',69'E',78'N',84'T',69'E',82'R'},
                      {69'E',83'S',95'_',82'R',73'I',71'G',72'H',84'T'},
                      {69'E',83'S',95'_',77'M',85'U',76'L',84'T',73'I',76'L',
73'I',78'N',69'E'},
                      {69'E',83'S',95'_',65'A',85'U',84'T',79'O',72'H',83'S',
67'C',82'R',79'O',76'L',76'L'},
                      {69'E',83'S',95'_',65'A',85'U',84'T',79'O',86'V',83'S',
67'C',82'R',79'O',76'L',76'L'},
                      {69'E',83'S',95'_',68'D',73'I',83'S',65'A',66'B',76'L',
69'E',78'N',79'O',83'S',67'C',82'R',79'O',76'L',76'L'},
                      {69'E',83'S',95'_',76'L',79'O',87'W',69'E',82'R',67'C',
65'A',83'S',69'E'},
                      {69'E',83'S',95'_',78'N',85'U',77'M',66'B',69'E',82'R'},
                      {69'E',83'S',95'_',78'N',85'U',77'M',69'E',82'R',73'I',
67'C'},
                      {69'E',83'S',95'_',79'O',69'E',77'M',67'C',79'O',78'N',
86'V',69'E',82'R',84'T'},
                      {69'E',83'S',95'_',80'P',65'A',83'S',83'S',87'W',79'O',
82'R',68'D'},
                      {69'E',83'S',95'_',82'R',69'E',65'A',68'D',79'O',78'N',
76'L',89'Y'},
                      {69'E',83'S',95'_',85'U',80'P',80'P',69'E',82'R',67'C',
65'A',83'S',69'E'},
                      {69'E',83'S',95'_',87'W',65'A',78'N',84'T',82'R',69'E',
84'T',85'U',82'R',78'N'},
                      {69'E',83'S',95'_',65'A',85'U',84'T',79'O',83'S',67'C',
82'R',79'O',76'L',76'L'},
                      {69'E',83'S',95'_',83'S',65'A',86'V',69'E',83'S',69'E',
76'L'},
                      {69'E',83'S',95'_',78'N',79'O',72'H',73'I',68'D',69'E',
83'S',69'E',76'L'},
                      {76'L',66'B',83'S',95'_',78'N',79'O',84'T',73'I',70'F',
89'Y'},
                      {76'L',66'B',83'S',95'_',83'S',79'O',82'R',84'T'},
                      {76'L',66'B',83'S',95'_',78'N',79'O',82'R',69'E',68'D',
82'R',65'A',87'W'},
                      {76'L',66'B',83'S',95'_',77'M',85'U',76'L',84'T',73'I',
80'P',76'L',69'E',83'S',69'E',76'L'},
                      {76'L',66'B',83'S',95'_',79'O',87'W',78'N',69'E',82'R',
68'D',82'R',65'A',87'W',70'F',73'I',88'X',69'E',68'D'},
                      {76'L',66'B',83'S',95'_',79'O',87'W',78'N',69'E',82'R',
68'D',82'R',65'A',87'W',86'V',65'A',82'R',73'I',65'A',66'B',76'L',69'E'},
                      {76'L',66'B',83'S',95'_',72'H',65'A',83'S',83'S',84'T',
82'R',73'I',78'N',71'G',83'S'},
                      {76'L',66'B',83'S',95'_',85'U',83'S',69'E',84'T',65'A',
66'B',83'S',84'T',79'O',80'P',83'S'},
                      {76'L',66'B',83'S',95'_',78'N',79'O',73'I',78'N',84'T',
69'E',71'G',82'R',65'A',76'L',72'H',69'E',73'I',71'G',72'H',84'T'},
                      {76'L',66'B',83'S',95'_',77'M',85'U',76'L',84'T',73'I',
67'C',79'O',76'L',85'U',77'M',78'N'},
                      {76'L',66'B',83'S',95'_',87'W',65'A',78'N',84'T',75'K',
69'E',89'Y',66'B',79'O',65'A',82'R',68'D',73'I',78'N',80'P',85'U',84'T'},
                      {76'L',66'B',83'S',95'_',69'E',88'X',84'T',69'E',78'N',
68'D',69'E',68'D',83'S',69'E',76'L'},
                      {76'L',66'B',83'S',95'_',68'D',73'I',83'S',65'A',66'B',
76'L',69'E',78'N',79'O',83'S',67'C',82'R',79'O',76'L',76'L'},
                      {76'L',66'B',83'S',95'_',78'N',79'O',68'D',65'A',84'T',
65'A'},
                      {76'L',66'B',83'S',95'_',78'N',79'O',83'S',69'E',76'L'},
                      {76'L',66'B',83'S',95'_',83'S',84'T',65'A',78'N',68'D',
65'A',82'R',68'D'},
                      {76'L',86'V',83'S',95'_',73'I',67'C',79'O',78'N'},
                      {76'L',86'V',83'S',95'_',82'R',69'E',80'P',79'O',82'R',
84'T'},
                      {76'L',86'V',83'S',95'_',83'S',77'M',65'A',76'L',76'L',
73'I',67'C',79'O',78'N'},
                      {76'L',86'V',83'S',95'_',76'L',73'I',83'S',84'T'},
                      {76'L',86'V',83'S',95'_',84'T',89'Y',80'P',69'E',77'M',
65'A',83'S',75'K'},
                      {76'L',86'V',83'S',95'_',83'S',73'I',78'N',71'G',76'L',
69'E',83'S',69'E',76'L'},
                      {76'L',86'V',83'S',95'_',83'S',72'H',79'O',87'W',83'S',
69'E',76'L',65'A',76'L',87'W',65'A',89'Y',83'S'},
                      {76'L',86'V',83'S',95'_',83'S',79'O',82'R',84'T',65'A',
83'S',67'C',69'E',78'N',68'D',73'I',78'N',71'G'},
                      {76'L',86'V',83'S',95'_',83'S',79'O',82'R',84'T',68'D',
69'E',83'S',67'C',69'E',78'N',68'D',73'I',78'N',71'G'},
                      {76'L',86'V',83'S',95'_',83'S',72'H',65'A',82'R',69'E',
73'I',77'M',65'A',71'G',69'E',76'L',73'I',83'S',84'T',83'S'},
                      {76'L',86'V',83'S',95'_',78'N',79'O',76'L',65'A',66'B',
69'E',76'L',87'W',82'R',65'A',80'P'},
                      {76'L',86'V',83'S',95'_',65'A',85'U',84'T',79'O',65'A',
82'R',82'R',65'A',78'N',71'G',69'E'},
                      {76'L',86'V',83'S',95'_',69'E',68'D',73'I',84'T',76'L',
65'A',66'B',69'E',76'L',83'S'},
                      {76'L',86'V',83'S',95'_',79'O',87'W',78'N',69'E',82'R',
68'D',65'A',84'T',65'A'},
                      {76'L',86'V',83'S',95'_',78'N',79'O',83'S',67'C',82'R',
79'O',76'L',76'L'},
                      {76'L',86'V',83'S',95'_',84'T',89'Y',80'P',69'E',83'S',
84'T',89'Y',76'L',69'E',77'M',65'A',83'S',75'K'},
                      {76'L',86'V',83'S',95'_',65'A',76'L',73'I',71'G',78'N',
84'T',79'O',80'P'},
                      {76'L',86'V',83'S',95'_',65'A',76'L',73'I',71'G',78'N',
76'L',69'E',70'F',84'T'},
                      {76'L',86'V',83'S',95'_',65'A',76'L',73'I',71'G',78'N',
77'M',65'A',83'S',75'K'},
                      {76'L',86'V',83'S',95'_',79'O',87'W',78'N',69'E',82'R',
68'D',82'R',65'A',87'W',70'F',73'I',88'X',69'E',68'D'},
                      {76'L',86'V',83'S',95'_',78'N',79'O',67'C',79'O',76'L',
85'U',77'M',78'N',72'H',69'E',65'A',68'D',69'E',82'R'},
                      {76'L',86'V',83'S',95'_',78'N',79'O',83'S',79'O',82'R',
84'T',72'H',69'E',65'A',68'D',69'E',82'R'},
                      {82'R',66'B',83'S',95'_',84'T',79'O',79'O',76'L',84'T',
73'I',80'P',83'S'},
                      {82'R',66'B',83'S',95'_',86'V',65'A',82'R',72'H',69'E',
73'I',71'G',72'H',84'T'},
                      {82'R',66'B',83'S',95'_',66'B',65'A',78'N',68'D',66'B',
79'O',82'R',68'D',69'E',82'R',83'S'},
                      {82'R',66'B',83'S',95'_',70'F',73'I',88'X',69'E',68'D',
79'O',82'R',68'D',69'E',82'R'},
                      {82'R',66'B',83'S',95'_',82'R',69'E',71'G',73'I',83'S',
84'T',69'E',82'R',68'D',82'R',79'O',80'P'},
                      {82'R',66'B',83'S',95'_',65'A',85'U',84'T',79'O',83'S',
73'I',90'Z',69'E'},
                      {82'R',66'B',83'S',95'_',86'V',69'E',82'R',84'T',73'I',
67'C',65'A',76'L',71'G',82'R',73'I',80'P',80'P',69'E',82'R'},
                      {82'R',66'B',83'S',95'_',68'D',66'B',76'L',67'C',76'L',
75'K',84'T',79'O',71'G',71'G',76'L',69'E'},
                      {82'R',66'B',66'B',83'S',95'_',66'B',82'R',69'E',65'A',
75'K'},
                      {82'R',66'B',66'B',83'S',95'_',70'F',73'I',88'X',69'E',
68'D',83'S',73'I',90'Z',69'E'},
                      {82'R',66'B',66'B',83'S',95'_',67'C',72'H',73'I',76'L',
68'D',69'E',68'D',71'G',69'E'},
                      {82'R',66'B',66'B',83'S',95'_',72'H',73'I',68'D',68'D',
69'E',78'N'},
                      {82'R',66'B',66'B',83'S',95'_',78'N',79'O',86'V',69'E',
82'R',84'T'},
                      {82'R',66'B',66'B',83'S',95'_',70'F',73'I',88'X',69'E',
68'D',66'B',77'M',80'P'},
                      {82'R',66'B',66'B',83'S',95'_',86'V',65'A',82'R',73'I',
65'A',66'B',76'L',69'E',72'H',69'E',73'I',71'G',72'H',84'T'},
                      {82'R',66'B',66'B',83'S',95'_',71'G',82'R',73'I',80'P',
80'P',69'E',82'R',65'A',76'L',87'W',65'A',89'Y',83'S'},
                      {82'R',66'B',66'B',83'S',95'_',78'N',79'O',71'G',82'R',
73'I',80'P',80'P',69'E',82'R'},
                      {84'T',86'V',83'S',95'_',72'H',65'A',83'S',66'B',85'U',
84'T',84'T',79'O',78'N',83'S'},
                      {84'T',86'V',83'S',95'_',72'H',65'A',83'S',76'L',73'I',
78'N',69'E',83'S'},
                      {84'T',86'V',83'S',95'_',76'L',73'I',78'N',69'E',83'S',
65'A',84'T',82'R',79'O',79'O',84'T'},
                      {84'T',86'V',83'S',95'_',69'E',68'D',73'I',84'T',76'L',
65'A',66'B',69'E',76'L',83'S'},
                      {84'T',86'V',83'S',95'_',68'D',73'I',83'S',65'A',66'B',
76'L',69'E',68'D',82'R',65'A',71'G',68'D',82'R',79'O',80'P'},
                      {84'T',86'V',83'S',95'_',83'S',72'H',79'O',87'W',83'S',
69'E',76'L',65'A',76'L',87'W',65'A',89'Y',83'S'},
                      {84'T',86'V',83'S',95'_',82'R',84'T',76'L',82'R',69'E',
65'A',68'D',73'I',78'N',71'G'},
                      {84'T',86'V',83'S',95'_',78'N',79'O',84'T',79'O',79'O',
76'L',84'T',73'I',80'P',83'S'},
                      {84'T',86'V',83'S',95'_',67'C',72'H',69'E',67'C',75'K',
66'B',79'O',88'X',69'E',83'S'},
                      {84'T',86'V',83'S',95'_',84'T',82'R',65'A',67'C',75'K',
83'S',69'E',76'L',69'E',67'C',84'T'},
                      {84'T',86'V',83'S',95'_',83'S',73'I',78'N',71'G',76'L',
69'E',69'E',88'X',80'P',65'A',78'N',68'D'},
                      {84'T',86'V',83'S',95'_',73'I',78'N',70'F',79'O',84'T',
73'I',80'P'},
                      {84'T',86'V',83'S',95'_',70'F',85'U',76'L',76'L',82'R',
79'O',87'W',83'S',69'E',76'L',69'E',67'C',84'T'},
                      {84'T',86'V',83'S',95'_',78'N',79'O',83'S',67'C',82'R',
79'O',76'L',76'L'},
                      {84'T',86'V',83'S',95'_',78'N',79'O',78'N',69'E',86'V',
69'E',78'N',72'H',69'E',73'I',71'G',72'H',84'T'},
                      {85'U',68'D',83'S',95'_',65'A',76'L',73'I',71'G',78'N',
76'L',69'E',70'F',84'T'},
                      {85'U',68'D',83'S',95'_',65'A',76'L',73'I',71'G',78'N',
82'R',73'I',71'G',72'H',84'T'},
                      {85'U',68'D',83'S',95'_',65'A',82'R',82'R',79'O',87'W',
75'K',69'E',89'Y',83'S'},
                      {85'U',68'D',83'S',95'_',65'A',85'U',84'T',79'O',66'B',
85'U',68'D',68'D',89'Y'},
                      {85'U',68'D',83'S',95'_',72'H',79'O',82'R',90'Z'},
                      {85'U',68'D',83'S',95'_',78'N',79'O',84'T',72'H',79'O',
85'U',83'S',65'A',78'N',68'D',83'S'},
                      {85'U',68'D',83'S',95'_',83'S',69'E',84'T',66'B',85'U',
68'D',68'D',89'Y',73'I',78'N',84'T'},
                      {85'U',68'D',83'S',95'_',87'W',82'R',65'A',80'P'},
                      {83'S',83'S',95'_',78'N',79'O',80'P',82'R',69'E',70'F',
73'I',88'X'},
                      {83'S',83'S',95'_',78'N',79'O',84'T',73'I',70'F',89'Y'},
                      {83'S',83'S',95'_',67'C',69'E',78'N',84'T',69'E',82'R',
73'I',77'M',65'A',71'G',69'E'},
                      {83'S',83'S',95'_',82'R',73'I',71'G',72'H',84'T',74'J',
85'U',83'S',84'T'},
                      {83'S',83'S',95'_',82'R',69'E',65'A',76'L',83'S',73'I',
90'Z',69'E',73'I',77'M',65'A',71'G',69'E'},
                      {83'S',83'S',95'_',83'S',85'U',78'N',75'K',69'E',78'N'},
                      {83'S',83'S',95'_',69'E',78'N',68'D',69'E',76'L',76'L',
73'I',80'P',83'S',73'I',83'S'},
                      {83'S',83'S',95'_',80'P',65'A',84'T',72'H',69'E',76'L',
76'L',73'I',80'P',83'S',73'I',83'S'}
                    }
    vColorNames = {
                    {66'B',76'L',65'A',67'C',75'K'},
                    {78'N',65'A',86'V',89'Y',66'B',76'L',85'U',69'E'},
                    {66'B',76'L',85'U',69'E'},
                    {66'B',82'R',73'I',71'G',72'H',84'T',66'B',76'L',85'U',
69'E'},
                    {70'F',79'O',82'R',69'E',83'S',84'T',71'G',82'R',69'E',
69'E',78'N'},
                    {71'G',82'R',69'E',69'E',78'N'},
                    {67'C',89'Y',65'A',78'N'},
                    {83'S',75'K',89'Y',66'B',76'L',85'U',69'E'},
                    {66'B',82'R',73'I',71'G',72'H',84'T',71'G',82'R',69'E',
69'E',78'N'},
                    {66'B',82'R',73'I',71'G',72'H',84'T',67'C',89'Y',65'A',
78'N'},
                    {68'D',65'A',82'R',75'K',71'G',82'R',65'A',89'Y'},
                    {69'E',71'G',71'G',80'P',76'L',65'A',78'N',84'T'},
                    {82'R',69'E',68'D'},
                    {77'M',65'A',71'G',69'E',78'N',84'T',65'A'},
                    {68'D',65'A',82'R',75'K',66'B',82'R',79'O',87'W',78'N'},
                    {79'O',76'L',73'I',86'V',69'E'},
                    {71'G',82'R',65'A',89'Y'},
                    {66'B',82'R',79'O',87'W',78'N'},
                    {76'L',73'I',71'G',72'H',84'T',71'G',82'R',65'A',89'Y'},
                    {80'P',85'U',82'R',80'P',76'L',69'E'},
                    {87'W',72'H',73'I',84'T',69'E'},
                    {66'B',82'R',73'I',71'G',72'H',84'T',82'R',69'E',68'D'},
                    {66'B',82'R',73'I',71'G',72'H',84'T',77'M',65'A',71'G',
69'E',78'N',84'T',65'A'},
                    {86'V',73'I',79'O',76'L',69'E',84'T'},
                    {79'O',82'R',65'A',78'N',71'G',69'E'},
                    {80'P',73'I',78'N',75'K'},
                    {89'Y',69'E',76'L',76'L',79'O',87'W'},
                    {80'P',65'A',82'R',67'C',72'H',77'M',69'E',78'N',84'T'},
                    {66'B',82'R',73'I',71'G',72'H',84'T',87'W',72'H',73'I',
84'T',69'E'}
                  }
    vColorValues = {0,6291456,8388608,16711680,24576,32768,8421376,16744448,
65280,16776960,4210752,7348336,128,8388736,20608,32896,8421504,28848,12632256,
13664464,14737632,255,16711935,16744703,6336767,11579647,65535,14745599,
16777215,0}
    vLVExFlagValues = {1,2,4,8,16,32' ',64'@',128,256,512,1024,2048,4096,
8192}
    vLVExFlagNames = {
                       {76'L',86'V',83'S',95'_',69'E',88'X',95'_',71'G',
82'R',73'I',68'D',76'L',73'I',78'N',69'E',83'S'},
                       {76'L',86'V',83'S',95'_',69'E',88'X',95'_',83'S',
85'U',66'B',73'I',84'T',69'E',77'M',73'I',77'M',65'A',71'G',69'E',83'S'},
                       {76'L',86'V',83'S',95'_',69'E',88'X',95'_',67'C',
72'H',69'E',67'C',75'K',66'B',79'O',88'X',69'E',83'S'},
                       {76'L',86'V',83'S',95'_',69'E',88'X',95'_',84'T',
82'R',65'A',67'C',75'K',83'S',69'E',76'L',69'E',67'C',84'T'},
                       {76'L',86'V',83'S',95'_',69'E',88'X',95'_',72'H',
69'E',65'A',68'D',69'E',82'R',68'D',82'R',65'A',71'G',68'D',82'R',79'O',
80'P'},
                       {76'L',86'V',83'S',95'_',69'E',88'X',95'_',70'F',
85'U',76'L',76'L',82'R',79'O',87'W',83'S',69'E',76'L',69'E',67'C',84'T'},
                       {76'L',86'V',83'S',95'_',69'E',88'X',95'_',79'O',
78'N',69'E',67'C',76'L',73'I',67'C',75'K',65'A',67'C',84'T',73'I',86'V',
65'A',84'T',69'E'},
                       {76'L',86'V',83'S',95'_',69'E',88'X',95'_',84'T',
87'W',79'O',67'C',76'L',73'I',67'C',75'K',65'A',67'C',84'T',73'I',86'V',
65'A',84'T',69'E'},
                       {76'L',86'V',83'S',95'_',69'E',88'X',95'_',70'F',
76'L',65'A',84'T',83'S',66'B'},
                       {76'L',86'V',83'S',95'_',69'E',88'X',95'_',82'R',
69'E',71'G',73'I',79'O',78'N',65'A',76'L'},
                       {76'L',86'V',83'S',95'_',69'E',88'X',95'_',78'N',
70'F',79'O',84'T',73'I',80'P'},
                       {76'L',86'V',83'S',95'_',69'E',88'X',95'_',85'U',
78'N',68'D',69'E',82'R',76'L',73'I',78'N',69'E',72'H',79'O',84'T'},
                       {76'L',86'V',83'S',95'_',69'E',88'X',95'_',85'U',
78'N',68'D',69'E',82'R',76'L',73'I',78'N',69'E',67'C',79'O',76'L',68'D'},
                       {76'L',86'V',83'S',95'_',69'E',88'X',95'_',77'M',
85'U',76'L',84'T',73'I',87'W',79'O',82'R',75'K',65'A',82'R',69'E',65'A',
83'S'}
                     }
    Screen = 1
    Printer = 2
    className = {
                  {},
                  {98'b',117'u',116't',116't',111'o',110'n'},
                  {98'b',117'u',116't',116't',111'o',110'n'},
                  {98'b',117'u',116't',116't',111'o',110'n'},
                  {98'b',117'u',116't',116't',111'o',110'n'},
                  {98'b',117'u',116't',116't',111'o',110'n'},
                  {98'b',117'u',116't',116't',111'o',110'n'},
                  {98'b',117'u',116't',116't',111'o',110'n'},
                  {108'l',105'i',115's',116't',98'b',111'o',120'x'},
                  {108'l',105'i',115's',116't',98'b',111'o',120'x'},
                  {99'c',111'o',109'm',98'b',111'o',98'b',111'o',120'x'},
                  {99'c',111'o',109'm',98'b',111'o',98'b',111'o',120'x'},
                  {99'c',111'o',109'm',98'b',111'o',98'b',111'o',120'x'},
                  {99'c',111'o',109'm',98'b',111'o',98'b',111'o',120'x'},
                  {101'e',100'd',105'i',116't'},
                  {101'e',100'd',105'i',116't'},
                  {115's',116't',97'a',116't',105'i',99'c'},
                  {115's',116't',97'a',116't',105'i',99'c'},
                  {115's',116't',97'a',116't',105'i',99'c'},
                  {115's',99'c',114'r',111'o',108'l',108'l',98'b',97'a',
114'r'},
                  {115's',99'c',114'r',111'o',108'l',108'l',98'b',97'a',
114'r'},
                  {115's',116't',97'a',116't',105'i',99'c'},
                  {115's',116't',97'a',116't',105'i',99'c'},
                  {},
                  {},
                  {},
                  {},
                  {},
                  {84'T',111'o',111'o',108'l',98'b',97'a',114'r',87'W',105'i',
110'n',100'd',111'o',119'w',51'3',50'2'},
                  {109'm',115's',99'c',116't',108'l',115's',95'_',115's',
116't',97'a',116't',117'u',115's',98'b',97'a',114'r',51'3',50'2'},
                  {98'b',117'u',116't',116't',111'o',110'n'},
                  {98'b',117'u',116't',116't',111'o',110'n'},
                  {98'b',117'u',116't',116't',111'o',110'n'},
                  {109'm',115's',99'c',116't',108'l',115's',95'_',116't',
114'r',97'a',99'c',107'k',98'b',97'a',114'r',51'3',50'2'},
                  {109'm',115's',99'c',116't',108'l',115's',95'_',116't',
114'r',97'a',99'c',107'k',98'b',97'a',114'r',51'3',50'2'},
                  {83'S',121'y',115's',84'T',97'a',98'b',67'C',111'o',110'n',
116't',114'r',111'o',108'l',51'3',50'2'},
                  {119'w',51'3',50'2',32' ',84'T',97'a',98'b',73'I',116't',
101'e',109'm'},
                  {109'm',115's',99'c',116't',108'l',115's',95'_',112'p',
114'r',111'o',103'g',114'r',101'e',115's',115's',51'3',50'2'},
                  {83'S',121'y',115's',76'L',105'i',115's',116't',86'V',
105'i',101'e',119'w',51'3',50'2'},
                  -1,
                  {83'S',121'y',115's',84'T',114'r',101'e',101'e',86'V',
105'i',101'e',119'w',51'3',50'2'},
                  {82'R',73'I',67'C',72'H',69'E',68'D',73'I',84'T',50'2',
48'0',65'A'},
                  {83'S',121'y',115's',77'M',111'o',110'n',116't',104'h',
67'C',97'a',108'l',51'3',50'2'},
                  {109'm',115's',99'c',116't',108'l',115's',95'_',117'u',
112'p',100'd',111'o',119'w',110'n',51'3',50'2'},
                  {82'R',101'e',66'B',97'a',114'r',87'W',105'i',110'n',100'd',
111'o',119'w',51'3',50'2'},
                  -1,
                  {116't',111'o',111'o',108'l',116't',105'i',112'p',115's',
95'_',99'c',108'l',97'a',115's',115's',51'3',50'2'},
                  {84'T',111'o',111'o',108'l',98'b',97'a',114'r',87'W',105'i',
110'n',100'd',111'o',119'w',51'3',50'2'},
                  {98'b',117'u',116't',116't',111'o',110'n'},
                  {67'C',111'o',109'm',98'b',111'o',66'B',111'o',120'x',
69'E',120'x',51'3',50'2'},
                  -1,
                  -1
                }
    classType = {0,1,1,1,1,1,1,1,4,4,2,2,2,2,3,3,6,6,6,5,5,6,6,7,8,9,9,10,
11,11,1,1,1,11,11,11,-1,11,11,-1,11,11,11,11,11,-1,11,11,1,11,-1,-1}
    classStyle = {13565952,1409351680,1409351681,1409351680,1409368067,1409368070,
1342259209,1409351687,1419837441,1419837443,1411449346,1411449602,1409352193,
1411449347,1417740416,1419837444,1409286400,1409286402,1409286401,1409351680,
1409351681,1409286403,1409286414,0,0,0,0,0,1417674757,1409286147,1409351680,
1409355779,1409355779,1409351713,1409351715,1442906112,0,1342177280,1417740352,
0,1417740288,1419878468,1417740288,1409286144,1451294752,0,1,1417742597,
1,1409352706,0,0}
    classStyleEx = {16,0,0,0,0,0,32' ',32' ',528,528,528,528,528,528,528,
528,0,0,0,0,0,0,0,0,0,0,0,0,0,0,0,0,0,0,0,0,0,0,512,0,512,512,1,0,512,0,
8,1,0,0,0,0}
    classAttr = {1,0,128,32' ',128,128,0,4225,1,1,1,1,1,1,16,8,0,0,0,192,
192,0,0,2,2,2,2,2,1283,2305,4,0,4,257,257,257,513,257,257,0,256,264,256,
256,1282,0,2,1283,3,257,2,2}
    classBGColor = {
                     -16,
                     {},
                     -16,
                     -16,
                     {},
                     {},
                     -16,
                     -16,
                     {{}},
                     {{}},
                     {{}},
                     {{}},
                     {{}},
                     {{}},
                     {{}},
                     -6,
                     {},
                     {},
                     {},
                     {{}},
                     {{}},
                     -16,
                     -16,
                     -16,
                     -16,
                     -16,
                     -16,
                     -16,
                     -16,
                     -16,
                     -16,
                     -16,
                     -16,
                     -16,
                     -16,
                     -16,
                     {{}},
                     -16,
                     {{}},
                     -16,
                     -6,
                     {{}},
                     -16,
                     -16,
                     -16,
                     -16,
                     -16,
                     -16,
                     -16,
                     {{}},
                     -16,
                     -16
                   }
    classDefPointer = {32512,32512,32512,32512,32512,32512,32512,32512,32512,
32512,32512,32512,32512,32512,32513,32513,32512,32512,32512,32512,32512,
32512,32512,32512,32512,32512,32512,32512,32512,32512,32512,32512,32512,
32512,32512,32512,32512,32512,32512,32512,32512,32513,32512,32512,32512,
32512,32512,32512,32512,32512,32512,32512}
    classFGColor = {-9,-9,-9,-9,-9,-9,-9,-9,-9,-9,-9,-9,-9,-9,-9,-9,-9,-9,
-9,-9,-9,-9,-9,-9,-9,-9,-9,-9,-9,-9,-9,-9,-9,-9,-9,-9,-9,-9,-9,-9,-9,-9,
-9,-9,-9,-9,-9,-9,-9,-9,-9,-9}
    vWindowClassStyle = {8}
    AutoReBarSizing = 0
    lv_id = {}
    lv_properties = {}
    ilicon_list = {}
    lvInsertWhere = 1
    vNextLVItemID = 0
    ILlarge = 0
    ILsmall = 0
    tv_id = {}
    tvitem_data = {}
    tvitem_owner = {}
    tvitem_parent = {}
    tvitem_handle = {}
    himlFTBDefault = 0
    himlFTBHot = 0
    himlFTBDisabled = 0
    FTB_images = {}
    WndProcAddress = 37481792
    SubProcAddress = 36986576
    vOnXXXSupport = 1
    onMouse = {-1,-1,-1,-1,-1,-1,-1,-1,-1,-1,-1,-1,-1,-1,-1,-1,-1,-1}
    onClick = {-1,-1,-1,-1,-1,-1,-1,-1,-1,-1,-1,-1,-1,-1,-1,-1,-1,-1}
    onKeyPress = {-1,-1,-1,-1,-1,-1,-1,-1,-1,-1,-1,-1,-1,-1,-1,-1,-1,-1}
    onKeyUp = {-1,-1,-1,-1,-1,-1,-1,-1,-1,-1,-1,-1,-1,-1,-1,-1,-1,-1}
    onKeyDown = {-1,-1,-1,-1,-1,-1,-1,-1,-1,-1,-1,-1,-1,-1,-1,-1,-1,-1}
    onResize = {-1,-1,-1,-1,-1,-1,-1,-1,-1,-1,-1,-1,-1,-1,-1,-1,-1,-1}
    onChange = {-1,-1,-1,-1,-1,-1,-1,-1,-1,-1,-1,-1,-1,-1,-1,-1,-1,-1}
    onGotFocus = {-1,-1,-1,-1,-1,-1,-1,-1,-1,-1,-1,-1,-1,-1,-1,-1,-1,-1}
    onLostFocus = {-1,-1,-1,-1,-1,-1,-1,-1,-1,-1,-1,-1,-1,-1,-1,-1,-1,-1}
    onScroll = {-1,-1,-1,-1,-1,-1,-1,-1,-1,-1,-1,-1,-1,-1,-1,-1,-1,-1}
    onOpen = {-1,-1,-1,-1,-1,-1,-1,-1,-1,-1,-1,-1,-1,-1,-1,-1,-1,-1}
    onActivate = {-1,-1,-1,-1,-1,-1,-1,-1,-1,-1,-1,-1,-1,-1,-1,-1,-1,-1}
    onClose = {-1,-1,-1,-1,-1,-1,-1,-1,-1,-1,-1,-1,-1,-1,-1,-1,-1,-1}
    onDestroy = {-1,-1,-1,-1,-1,-1,-1,-1,-1,-1,-1,-1,-1,-1,-1,-1,-1,-1}
    onTimer = {-1,-1,-1,-1,-1,-1,-1,-1,-1,-1,-1,-1,-1,-1,-1,-1,-1,-1}
    onPaint = {-1,-1,-1,-1,-1,-1,-1,-1,-1,-1,-1,-1,-1,-1,-1,-1,-1,-1}
    onDragAndDrop = {-1,-1,-1,-1,-1,-1,-1,-1,-1,-1,-1,-1,-1,-1,-1,-1,-1,-1}
    onEvent = {-1,-1,-1,-1,-1,-1,-1,-1,-1,-1,-1,-1,-1,-1,-1,-1,-1,-1}
    mainWindow = 0
    vRecent = {
                0,
                3,
                0,
                {-1}
              }
    modalWindow = 0
    modalStyle = 0
    modalDepth = 0
    modalhWnd = 0
    modalStack = {}
    focus_current = -1
    vPrevCtlBlkLength = 3
    ctlblk_freelist = {0}
    ctrl_Handle = {-1,-1,11863790,-1,-1,-1,-1,-1,-1,-1,-1,-1,-1,-1,-1,-1,
-1,8390934}
    ctrl_Handle_type = {-1,-1,1,-1,-1,-1,-1,-1,-1,-1,-1,-1,-1,-1,-1,-1,-1,
1}
    ctrl_Destroyed = {0,0,0,-1,-1,-1,-1,-1,-1,-1,-1,-1,-1,-1,-1,-1,-1,0}
    ctrl_Function = {-1,-1,-1,-1,-1,-1,-1,-1,-1,-1,-1,-1,-1,-1,-1,-1,-1,2006262656}
    ctrl_Family = {-1,-1,0,-1,-1,-1,-1,-1,-1,-1,-1,-1,-1,-1,-1,-1,-1,4}
    ctrl_Type = {51'3',52'4',1,-1,-1,-1,-1,-1,-1,-1,-1,-1,-1,-1,-1,-1,-1,
9}
    ctrl_Focus_order = {
                         {},
                         {},
                         {18},
                         -1,
                         -1,
                         -1,
                         -1,
                         -1,
                         -1,
                         -1,
                         -1,
                         -1,
                         -1,
                         -1,
                         -1,
                         -1,
                         -1,
                         {}
                       }
    ctrl_Current_focus = {0,0,0,-1,-1,-1,-1,-1,-1,-1,-1,-1,-1,-1,-1,-1,-1,
0}
    ctrl_Previous_focus = {0,0,0,-1,-1,-1,-1,-1,-1,-1,-1,-1,-1,-1,-1,-1,-1,
0}
    ctrl_Parent = {0,0,0,-1,-1,-1,-1,-1,-1,-1,-1,-1,-1,-1,-1,-1,-1,3}
    ctrl_Menu = {0,0,0,-1,-1,-1,-1,-1,-1,-1,-1,-1,-1,-1,-1,-1,-1,0}
    ctrl_Popup = {
                   {-1,-1,-1,-1},
                   {-1,-1,-1,-1},
                   {-1,-1,-1,-1},
                   -1,
                   -1,
                   -1,
                   -1,
                   -1,
                   -1,
                   -1,
                   -1,
                   -1,
                   -1,
                   -1,
                   -1,
                   -1,
                   -1,
                   {-1,-1,-1,-1}
                 }
    ctrl_Notify_List = {
                         {{},{},{}},
                         {{},{},{}},
                         {{},{},{}},
                         -1,
                         -1,
                         -1,
                         -1,
                         -1,
                         -1,
                         -1,
                         -1,
                         -1,
                         -1,
                         -1,
                         -1,
                         -1,
                         -1,
                         {{},{},{}}
                       }
    ctrl_Toolbar = {0,0,0,-1,-1,-1,-1,-1,-1,-1,-1,-1,-1,-1,-1,-1,-1,0}
    ctrl_Statusbar = {0,0,0,-1,-1,-1,-1,-1,-1,-1,-1,-1,-1,-1,-1,-1,-1,0}
    ctrl_Hint_Text = {{},{},{},-1,-1,-1,-1,-1,-1,-1,-1,-1,-1,-1,-1,-1,-1,
{}}
    ctrl_Hint_Width = {200,200,200,-1,-1,-1,-1,-1,-1,-1,-1,-1,-1,-1,-1,-1,
-1,200}
    ctrl_Font = {
                  {
                    {109'm',115's',32' ',115's',97'a',110'n',115's',32' ',
115's',101'e',114'r',105'i',102'f'},
                    8,
                    0,
                    0
                  },
                  {
                    {109'm',115's',32' ',115's',97'a',110'n',115's',32' ',
115's',101'e',114'r',105'i',102'f'},
                    8,
                    0,
                    0
                  },
                  {
                    {109'm',115's',32' ',115's',97'a',110'n',115's',32' ',
115's',101'e',114'r',105'i',102'f'},
                    8,
                    0,
                    0
                  },
                  -1,
                  -1,
                  -1,
                  -1,
                  -1,
                  -1,
                  -1,
                  -1,
                  -1,
                  -1,
                  -1,
                  -1,
                  -1,
                  -1,
                  {
                    {109'm',115's',32' ',115's',97'a',110'n',115's',32' ',
115's',101'e',114'r',105'i',102'f'},
                    8,
                    0,
                    0
                  }
                }
    ctrl_Fg_Color = {-9,-9,-9,-1,-1,-1,-1,-1,-1,-1,-1,-1,-1,-1,-1,-1,-1,-9}
    ctrl_Bg_Color = {
                      -16,
                      -16,
                      -16,
                      -1,
                      -1,
                      -1,
                      -1,
                      -1,
                      -1,
                      -1,
                      -1,
                      -1,
                      -1,
                      -1,
                      -1,
                      -1,
                      -1,
                      {{}}
                    }
    ctrl_Pen = {
                 {0,0,13,1,1,-16,{}},
                 {0,0,13,1,1,-16,{}},
                 {0,0,13,1,1,-16,{}},
                 -1,
                 -1,
                 -1,
                 -1,
                 -1,
                 -1,
                 -1,
                 -1,
                 -1,
                 -1,
                 -1,
                 -1,
                 -1,
                 -1,
                 {0,0,13,1,1,-16,{}}
               }
    ctrl_X_Pos = {0,0,0,-1,-1,-1,-1,-1,-1,-1,-1,-1,-1,-1,-1,-1,-1,0}
    ctrl_Y_Pos = {0,0,0,-1,-1,-1,-1,-1,-1,-1,-1,-1,-1,-1,-1,-1,-1,0}
    ctrl_Erase = {0,0,0,-1,-1,-1,-1,-1,-1,-1,-1,-1,-1,-1,-1,-1,-1,0}
    ctrl_Scroll = {
                    {
                      {1,10},
                      {1,10}
                    },
                    {
                      {1,10},
                      {1,10}
                    },
                    {
                      {1,10},
                      {1,10}
                    },
                    -1,
                    -1,
                    -1,
                    -1,
                    -1,
                    -1,
                    -1,
                    -1,
                    -1,
                    -1,
                    -1,
                    -1,
                    -1,
                    -1,
                    {
                      {1,10},
                      {1,10}
                    }
                  }
    ctrl_Range = {
                   {
                     {0,100'd'},
                     {0,100'd'}
                   },
                   {
                     {0,100'd'},
                     {0,100'd'}
                   },
                   {
                     {0,100'd'},
                     {0,100'd'}
                   },
                   -1,
                   -1,
                   -1,
                   -1,
                   -1,
                   -1,
                   -1,
                   -1,
                   -1,
                   -1,
                   -1,
                   -1,
                   -1,
                   -1,
                   {
                     {0,100'd'},
                     {0,100'd'}
                   }
                 }
    ctrl_Tabitems = {{},{},{},-1,-1,-1,-1,-1,-1,-1,-1,-1,-1,-1,-1,-1,-1,{}}
    ctrl_Group = {
                   {},
                   {},
                   {18},
                   -1,
                   -1,
                   -1,
                   -1,
                   -1,
                   -1,
                   -1,
                   -1,
                   -1,
                   -1,
                   -1,
                   -1,
                   -1,
                   -1,
                   {}
                 }
    ctrl_Cursor = {
                    {65539},
                    {65539},
                    {65539},
                    -1,
                    -1,
                    -1,
                    -1,
                    -1,
                    -1,
                    -1,
                    -1,
                    -1,
                    -1,
                    -1,
                    -1,
                    -1,
                    -1,
                    {65539}
                  }
    ctrl_Hotkey_Keys = {{},{},{},-1,-1,-1,-1,-1,-1,-1,-1,-1,-1,-1,-1,-1,-1,
{}}
    ctrl_Hotkey_Ids = {{},{},{},-1,-1,-1,-1,-1,-1,-1,-1,-1,-1,-1,-1,-1,-1,
{}}
    ctrl_Text_Alignment = {0,0,0,-1,-1,-1,-1,-1,-1,-1,-1,-1,-1,-1,-1,-1,-1,
0}
    ctrl_Closed = {-11,-11,-11,-1,-1,-1,-1,-1,-1,-1,-1,-1,-1,-1,-1,-1,-1,
-11}
    ctrl_TabKey_Used = {1,1,1,-1,-1,-1,-1,-1,-1,-1,-1,-1,-1,-1,-1,-1,-1,1}
    ctrl_Handlers = {
                      {{},{},{},{},{},{},{},{},{},{},{},{},{},{},{},{},{},
{},{},{},{},{},{},{},{},{},{},{}},
                      {{},{},{},{},{},{},{},{},{},{},{},{},{},{},{},{},{},
{},{},{},{},{},{},{},{},{},{},{}},
                      {{},{},{},{},{},{},{},{},{},{},{},{},{},{},{},{},{},
{},{},{},{},{},{},{},{},{},{},{}},
                      -1,
                      -1,
                      -1,
                      -1,
                      -1,
                      -1,
                      -1,
                      -1,
                      -1,
                      -1,
                      -1,
                      -1,
                      -1,
                      -1,
                      {{},{},{},{},{},{},{},{},{},{},{},{},{},{},{},{},{},
{},{},{},{},{},{},{},{},{},{},{}}
                    }
    ctrl_Bg_Brush = {0,0,303041648,-1,-1,-1,-1,-1,-1,-1,-1,-1,-1,-1,-1,-1,
-1,0}
    ctrl_UserData = {
                      {{},{},{}},
                      {{},{},{}},
                      {{},{},{}},
                      -1,
                      -1,
                      -1,
                      -1,
                      -1,
                      -1,
                      -1,
                      -1,
                      -1,
                      -1,
                      -1,
                      -1,
                      -1,
                      -1,
                      {{},{},{}}
                    }
    ctrl_IntData = {
                     {{},{}},
                     {{},{}},
                     {{},{}},
                     -1,
                     -1,
                     -1,
                     -1,
                     -1,
                     -1,
                     -1,
                     -1,
                     -1,
                     -1,
                     -1,
                     -1,
                     -1,
                     -1,
                     {{},{}}
                   }
    ctrl_Name = {{},{},{},-1,-1,-1,-1,-1,-1,-1,-1,-1,-1,-1,-1,-1,-1,{}}
    ctrl_Deferred_Handlers = {{},{},{},-1,-1,-1,-1,-1,-1,-1,-1,-1,-1,-1,-1,
-1,-1,{}}
    ctrl_Auto_Height = {0,0,0,-1,-1,-1,-1,-1,-1,-1,-1,-1,-1,-1,-1,-1,-1,0}
    ctrl_Auto_Width = {0,0,0,-1,-1,-1,-1,-1,-1,-1,-1,-1,-1,-1,-1,-1,-1,0}
    ctrl_Init_Posns = {
                        {{},{}},
                        {{},{}},
                        {{},{}},
                        -1,
                        -1,
                        -1,
                        -1,
                        -1,
                        -1,
                        -1,
                        -1,
                        -1,
                        -1,
                        -1,
                        -1,
                        -1,
                        -1,
                        {{},{}}
                      }
    ctrl_ClassAddr = {0,0,35578124,-1,-1,-1,-1,-1,-1,-1,-1,-1,-1,-1,-1,-1,
-1,0}
    ctrl_Mousetrap = {0,0,0,-1,-1,-1,-1,-1,-1,-1,-1,-1,-1,-1,-1,-1,-1,0}
    tooltipControl = 0
    transColor = 16711935
    DefaultFontID = 9044003
    transTuple = {255,0,255}
    FontDefaults = {
                     {109'm',115's',32' ',115's',97'a',110'n',115's',32' ',
115's',101'e',114'r',105'i',102'f'},
                     8,
                     0,
                     0
                   }
    heldResource = {}
    heldCursor = {}
    vHRFree = {}
    vHRI = 0
    grabbedHDC = {}
    vStockResources = {9044003,11534359,9437205,0,1,2,3,4,5,6,7,8,9,10,11,
12,13,14,15,16}
    i = 16
    vDCs = {}
    vMaxPenCache = 20
    cts_preallocated = 37360196
    printerDC = 0
    vShowChars = 0
    vStreamCallbackBuffer = {}
    vStreamCBPosn = 1
    gColors = 34522276
    regCount = 2
    vEmptySlots = 16
    vs_PreviousControl = {18,{}}
    vAutoFocusLabels = 0
    vRecentNewUI = {}
    vDestroyQueue = {}
    vMenuItemGroups = {}
    customColors = 37387508
    i = 63'?'
    vTabKeyCodes = {9}
    hintFontSize = 8
    hintFontAttrib = 0
    hintFontName = {77'M',83'S',32' ',83'S',97'a',110'n',115's',32' ',83'S',
101'e',114'r',105'i',102'f'}
    vControlSets = {}
    vCurrentControlSet = {110'n',111'o',116't',32' ',115's',101'e',116't'}
    vSkipF10 = 0
    pfnCompare = 37482000
    vLMB_id = {-1,-1,-1,-1}
    vMaxClickTime = 0.5
    vMaxClickXDelta = 3
    vMaxClickYDelta = 3
    ActiveEL = {}
    vNotifications = {-551,-108,-150,-109,-407,-403,-402,-409,-520,-749,-746,
-700,-706,-707,-101,-2,-5,-831}
    vNotifyHandlers = {77'M',78'N',79'O',80'P',81'Q',82'R',83'S',84'T',85'U',
86'V',87'W',88'X',89'Y',90'Z',91'[',92'\',93']',94'^'}
    vEventsHandled = {512,7,8,256,258,257,513,516,514,517,515,518,522,5,273,
563,15,277,276,275,21,309,312,307,308,311,16,2,78'N',260,262,20,49337}
    vHandler = {95'_',96'`',97'a',98'b',98'b',98'b',95'_',95'_',95'_',95'_',
95'_',95'_',95'_',99'c',100'd',101'e',102'f',103'g',103'g',104'h',105'i',
106'j',106'j',106'j',106'j',106'j',107'k',108'l',109'm',110'n',111'o',112'p',
113'q'}
    vEventCnt = {0,0,0,0,0,0,0,0,0,0,0,0,0,1,0,0,2,0,0,0,0,0,0,0,0,0,0,0,
0,0,0,0,0}
    vUserEventsHandled = {}
    vUserEventHandlers = {}
    vIdleCheck = 0
    vELUserData = {}
    xpmErrFlag = <no value>
    pm = 0
    fn_debug = 1
    vRegisteredNames = {}
    vRegisteredRID = {}

 C:\EUPHORIA\include\w32tk.e:
    VOID = 0

 C:\Users\Gaz\Desktop\dell desktop everything\ROTMG 2015\rotmg equipment\euallegro.ew:
    AllegroLib = 1738276864
    cpu_family = <no value>
    cpu_model = <no value>
    cpu_capabilities = <no value>
    cpu_vendor = <no value>
    os_type = <no value>
    os_version = <no value>
    os_revision = <no value>
    os_multitasking = <no value>
    my_allocate_voice = 40'('
    my_deallocate_voice = 41')'
    my_set_window_close_button = 42'*'
    my_set_window_close_hook = 43'+'
    my_win_set_window = 44','
    my_blit_to_hdc = 45'-'
    my_win_get_window = 46'.'
    my_file_select_ex = 47'/'
    user32 = 1968832512
    xMoveWindow = 48'0'
    my_errno_ptr = 1457896
    num_joysticks = -1
    my_screen = 1738985576
    screen = <no value>
    SCREEN_W = <no value>
    SCREEN_H = <no value>
    VIRTUAL_W = <no value>
    VIRTUAL_H = <no value>
    GFX_DRIVER_NAME = <no value>

 C:\Users\Gaz\Desktop\dell desktop everything\ROTMG 2015\rotmg equipment\rotmg equipment.exw:
    doc = <no value>

 C:\Users\Gaz\Desktop\dell desktop everything\ROTMG 2015\rotmg equipment\equip xml.ew:
    equip_list = <no value>
    object_list = <no value>
    root = <no value>
    att = <no value>
    child = <no value>
    nchild = <no value>
    celement = <no value>
    ret = <no value>
    name1 = <no value>
    attname = <no value>
    name2 = <no value>
    index = <no value>
    i = <no value>
    i = <no value>
    i = <no value>
    j = <no value>
    file_list = <no value>
    i = <no value>

 C:\Users\Gaz\Desktop\dell desktop everything\ROTMG 2015\rotmg equipment\rotmg equipment.exw:
    temp_bitmap = <no value>
    equip_bitmaps = <no value>
    the_palette = <no value>
    buffer = <no value>
    ret = <no value>
    window_width = <no value>
    window_height = <no value>
    workspace_width = <no value>
    workspace_height = <no value>
    view_left = <no value>
    view_top = <no value>
    color_white = <no value>
    color_black = <no value>
    color_pink = <no value>
    color_green = <no value>
    color_blue = <no value>
    color_red = <no value>
    color_background = <no value>
    count = <no value>
    xx = <no value>
    yy = <no value>
    sx = <no value>
    sy = <no value>
    dw = <no value>
    dh = <no value>
    fn = <no value>
    fn2 = <no value>
    j = <no value>
    i = <no value>


Traced lines leading up to the failure:

C:\EUPHORIA\include\w32dll.ew:181	        if sequence(parms[i]) then
C:\EUPHORIA\include\w32dll.ew:187	    end for
C:\EUPHORIA\include\w32dll.ew:189	    if funcid > kMagicRtnID then
C:\EUPHORIA\include\w32dll.ew:190	    funcid -= kMagicRtnID
C:\EUPHORIA\include\w32dll.ew:191	    if funcid <= length(vw32Routines) then
C:\EUPHORIA\include\w32dll.ew:192	        lFuncDef = vw32Routines[funcid]
C:\EUPHORIA\include\w32dll.ew:194	        if sequence(lFuncDef) then
C:\EUPHORIA\include\w32dll.ew:212	        lRC = c_func(lFuncDef, parms)
C:\EUPHORIA\include\w32dll.ew:224	    if memset != 0 then
C:\EUPHORIA\include\w32dll.ew:228	    return lRC
C:\EUPHORIA\include\w32dll.ew:179	    memset = 0
C:\EUPHORIA\include\w32dll.ew:180	    for i = 1 to length(parms) do
C:\EUPHORIA\include\w32dll.ew:189	    if funcid > kMagicRtnID then
C:\EUPHORIA\include\w32dll.ew:190	    funcid -= kMagicRtnID
C:\EUPHORIA\include\w32dll.ew:191	    if funcid <= length(vw32Routines) then
C:\EUPHORIA\include\w32dll.ew:192	        lFuncDef = vw32Routines[funcid]
C:\EUPHORIA\include\w32dll.ew:194	        if sequence(lFuncDef) then
C:\EUPHORIA\include\w32dll.ew:195		    if lFuncDef[1] < 0 then
C:\EUPHORIA\include\w32dll.ew:196		        lFuncDef[1] = -lFuncDef[1]
C:\EUPHORIA\include\w32dll.ew:197		        if vw32Libraries[lFuncDef[1]][1][1] = 0 then
C:\EUPHORIA\include\w32dll.ew:198		        vw32Libraries[lFuncDef[1]][1] =
C:\EUPHORIA\include\w32dll.ew:201		        lFuncDef[1] = vw32Libraries[lFuncDef[1]][1][2]
C:\EUPHORIA\include\w32dll.ew:204		    lFuncDef = linkFunc(lFuncDef[1], -- library
C:\EUPHORIA\include\w32dll.ew:209		    vw32Routines[funcid] = lFuncDef
C:\EUPHORIA\include\w32dll.ew:212	        lRC = c_func(lFuncDef, parms)


